{"uid":"3fde3ac1ee6c9ed9","name":"Поиск погоды в городе","fullName":"com.example.test.SearchingStringTest.searchWeatherInCity","historyId":"ccd058485e0cb98661c0a54d7fce17a7","time":{"start":1745342603123,"stop":1745342612173,"duration":9050},"description":"","status":"failed","statusMessage":"No requests exactly matched. Most similar request was:  expected:<\nGET\n[path] /forecast\n\ncity_name: Москва\n> but was:<\nGET\n/forecast/?city_name=%D0%9C%D0%BE%D1%81%D0%BA%D0%B2%D0%B0\n\ncity_name: Москва\n>","statusTrace":"com.github.tomakehurst.wiremock.client.VerificationException: No requests exactly matched. Most similar request was:  expected:<\nGET\n[path] /forecast\n\ncity_name: Москва\n> but was:<\nGET\n/forecast/?city_name=%D0%9C%D0%BE%D1%81%D0%BA%D0%B2%D0%B0\n\ncity_name: Москва\n>\n\tat com.github.tomakehurst.wiremock.client.VerificationException.forUnmatchedRequestPattern(VerificationException.java:38)\n\tat com.github.tomakehurst.wiremock.client.WireMock.verificationExceptionForNearMisses(WireMock.java:680)\n\tat com.github.tomakehurst.wiremock.client.WireMock.verifyThat(WireMock.java:670)\n\tat com.github.tomakehurst.wiremock.client.WireMock.verifyThat(WireMock.java:646)\n\tat com.github.tomakehurst.wiremock.client.WireMock.verify(WireMock.java:687)\n\tat com.example.test.SearchingStringTest.lambda$searchWeatherInCity$5(SearchingStringTest.java:82)\n\tat io.qameta.allure.Allure.lambda$step$0(Allure.java:113)\n\tat io.qameta.allure.Allure.lambda$step$1(Allure.java:127)\n\tat io.qameta.allure.Allure.step(Allure.java:181)\n\tat io.qameta.allure.Allure.step(Allure.java:125)\n\tat io.qameta.allure.Allure.step(Allure.java:112)\n\tat com.example.test.SearchingStringTest.searchWeatherInCity(SearchingStringTest.java:79)\n\tat java.base/java.lang.reflect.Method.invoke(Method.java:569)\n\tat java.base/java.util.ArrayList.forEach(ArrayList.java:1511)\n\tat java.base/java.util.ArrayList.forEach(ArrayList.java:1511)\n","flaky":false,"newFailed":false,"newBroken":false,"newPassed":false,"retriesCount":0,"retriesStatusChange":false,"beforeStages":[{"name":"setupConf","time":{"start":1745342603124,"stop":1745342604952,"duration":1828},"status":"passed","steps":[],"attachments":[],"parameters":[],"shouldDisplayMessage":false,"stepsCount":0,"attachmentsCount":0,"hasContent":false,"attachmentStep":false}],"testStage":{"description":"","status":"failed","statusMessage":"No requests exactly matched. Most similar request was:  expected:<\nGET\n[path] /forecast\n\ncity_name: Москва\n> but was:<\nGET\n/forecast/?city_name=%D0%9C%D0%BE%D1%81%D0%BA%D0%B2%D0%B0\n\ncity_name: Москва\n>","statusTrace":"com.github.tomakehurst.wiremock.client.VerificationException: No requests exactly matched. Most similar request was:  expected:<\nGET\n[path] /forecast\n\ncity_name: Москва\n> but was:<\nGET\n/forecast/?city_name=%D0%9C%D0%BE%D1%81%D0%BA%D0%B2%D0%B0\n\ncity_name: Москва\n>\n\tat com.github.tomakehurst.wiremock.client.VerificationException.forUnmatchedRequestPattern(VerificationException.java:38)\n\tat com.github.tomakehurst.wiremock.client.WireMock.verificationExceptionForNearMisses(WireMock.java:680)\n\tat com.github.tomakehurst.wiremock.client.WireMock.verifyThat(WireMock.java:670)\n\tat com.github.tomakehurst.wiremock.client.WireMock.verifyThat(WireMock.java:646)\n\tat com.github.tomakehurst.wiremock.client.WireMock.verify(WireMock.java:687)\n\tat com.example.test.SearchingStringTest.lambda$searchWeatherInCity$5(SearchingStringTest.java:82)\n\tat io.qameta.allure.Allure.lambda$step$0(Allure.java:113)\n\tat io.qameta.allure.Allure.lambda$step$1(Allure.java:127)\n\tat io.qameta.allure.Allure.step(Allure.java:181)\n\tat io.qameta.allure.Allure.step(Allure.java:125)\n\tat io.qameta.allure.Allure.step(Allure.java:112)\n\tat com.example.test.SearchingStringTest.searchWeatherInCity(SearchingStringTest.java:79)\n\tat java.base/java.lang.reflect.Method.invoke(Method.java:569)\n\tat java.base/java.util.ArrayList.forEach(ArrayList.java:1511)\n\tat java.base/java.util.ArrayList.forEach(ArrayList.java:1511)\n","steps":[{"name":"Поиск \"Москвы\"","time":{"start":1745342604969,"stop":1745342607029,"duration":2060},"status":"passed","steps":[],"attachments":[],"parameters":[],"shouldDisplayMessage":false,"stepsCount":0,"attachmentsCount":0,"hasContent":false,"attachmentStep":false},{"name":"Проверка того, что были вызваны методы","time":{"start":1745342612037,"stop":1745342612046,"duration":9},"status":"failed","statusMessage":"No requests exactly matched. Most similar request was:  expected:<\nGET\n[path] /forecast\n\ncity_name: Москва\n> but was:<\nGET\n/forecast/?city_name=%D0%9C%D0%BE%D1%81%D0%BA%D0%B2%D0%B0\n\ncity_name: Москва\n>","statusTrace":"com.github.tomakehurst.wiremock.client.VerificationException: No requests exactly matched. Most similar request was:  expected:<\nGET\n[path] /forecast\n\ncity_name: Москва\n> but was:<\nGET\n/forecast/?city_name=%D0%9C%D0%BE%D1%81%D0%BA%D0%B2%D0%B0\n\ncity_name: Москва\n>\n\tat com.github.tomakehurst.wiremock.client.VerificationException.forUnmatchedRequestPattern(VerificationException.java:38)\n\tat com.github.tomakehurst.wiremock.client.WireMock.verificationExceptionForNearMisses(WireMock.java:680)\n\tat com.github.tomakehurst.wiremock.client.WireMock.verifyThat(WireMock.java:670)\n\tat com.github.tomakehurst.wiremock.client.WireMock.verifyThat(WireMock.java:646)\n\tat com.github.tomakehurst.wiremock.client.WireMock.verify(WireMock.java:687)\n\tat com.example.test.SearchingStringTest.lambda$searchWeatherInCity$5(SearchingStringTest.java:82)\n\tat io.qameta.allure.Allure.lambda$step$0(Allure.java:113)\n\tat io.qameta.allure.Allure.lambda$step$1(Allure.java:127)\n\tat io.qameta.allure.Allure.step(Allure.java:181)\n\tat io.qameta.allure.Allure.step(Allure.java:125)\n\tat io.qameta.allure.Allure.step(Allure.java:112)\n\tat com.example.test.SearchingStringTest.searchWeatherInCity(SearchingStringTest.java:79)\n\tat java.base/jdk.internal.reflect.NativeMethodAccessorImpl.invoke0(Native Method)\n\tat java.base/jdk.internal.reflect.NativeMethodAccessorImpl.invoke(NativeMethodAccessorImpl.java:77)\n\tat java.base/jdk.internal.reflect.DelegatingMethodAccessorImpl.invoke(DelegatingMethodAccessorImpl.java:43)\n\tat java.base/java.lang.reflect.Method.invoke(Method.java:569)\n\tat org.junit.platform.commons.util.ReflectionUtils.invokeMethod(ReflectionUtils.java:728)\n\tat org.junit.jupiter.engine.execution.MethodInvocation.proceed(MethodInvocation.java:60)\n\tat org.junit.jupiter.engine.execution.InvocationInterceptorChain$ValidatingInvocation.proceed(InvocationInterceptorChain.java:131)\n\tat org.junit.jupiter.api.extension.InvocationInterceptor.interceptTestMethod(InvocationInterceptor.java:119)\n\tat org.junit.jupiter.engine.execution.InterceptingExecutableInvoker$ReflectiveInterceptorCall.lambda$ofVoidMethod$0(InterceptingExecutableInvoker.java:103)\n\tat org.junit.jupiter.engine.execution.InterceptingExecutableInvoker.lambda$invoke$0(InterceptingExecutableInvoker.java:93)\n\tat org.junit.jupiter.engine.execution.InvocationInterceptorChain$InterceptedInvocation.proceed(InvocationInterceptorChain.java:106)\n\tat org.junit.jupiter.engine.extension.TimeoutExtension.intercept(TimeoutExtension.java:156)\n\tat org.junit.jupiter.engine.extension.TimeoutExtension.interceptTestableMethod(TimeoutExtension.java:147)\n\tat org.junit.jupiter.engine.extension.TimeoutExtension.interceptTestMethod(TimeoutExtension.java:86)\n\tat org.junit.jupiter.engine.execution.InterceptingExecutableInvoker$ReflectiveInterceptorCall.lambda$ofVoidMethod$0(InterceptingExecutableInvoker.java:103)\n\tat org.junit.jupiter.engine.execution.InterceptingExecutableInvoker.lambda$invoke$0(InterceptingExecutableInvoker.java:93)\n\tat org.junit.jupiter.engine.execution.InvocationInterceptorChain$InterceptedInvocation.proceed(InvocationInterceptorChain.java:106)\n\tat org.junit.jupiter.engine.execution.InvocationInterceptorChain.proceed(InvocationInterceptorChain.java:64)\n\tat org.junit.jupiter.engine.execution.InvocationInterceptorChain.chainAndInvoke(InvocationInterceptorChain.java:45)\n\tat org.junit.jupiter.engine.execution.InvocationInterceptorChain.invoke(InvocationInterceptorChain.java:37)\n\tat org.junit.jupiter.engine.execution.InterceptingExecutableInvoker.invoke(InterceptingExecutableInvoker.java:92)\n\tat org.junit.jupiter.engine.execution.InterceptingExecutableInvoker.invoke(InterceptingExecutableInvoker.java:86)\n\tat org.junit.jupiter.engine.descriptor.TestMethodTestDescriptor.lambda$invokeTestMethod$7(TestMethodTestDescriptor.java:218)\n\tat org.junit.platform.engine.support.hierarchical.ThrowableCollector.execute(ThrowableCollector.java:73)\n\tat org.junit.jupiter.engine.descriptor.TestMethodTestDescriptor.invokeTestMethod(TestMethodTestDescriptor.java:214)\n\tat org.junit.jupiter.engine.descriptor.TestMethodTestDescriptor.execute(TestMethodTestDescriptor.java:139)\n\tat org.junit.jupiter.engine.descriptor.TestMethodTestDescriptor.execute(TestMethodTestDescriptor.java:69)\n\tat org.junit.platform.engine.support.hierarchical.NodeTestTask.lambda$executeRecursively$6(NodeTestTask.java:151)\n\tat org.junit.platform.engine.support.hierarchical.ThrowableCollector.execute(ThrowableCollector.java:73)\n\tat org.junit.platform.engine.support.hierarchical.NodeTestTask.lambda$executeRecursively$8(NodeTestTask.java:141)\n\tat org.junit.platform.engine.support.hierarchical.Node.around(Node.java:137)\n\tat org.junit.platform.engine.support.hierarchical.NodeTestTask.lambda$executeRecursively$9(NodeTestTask.java:139)\n\tat org.junit.platform.engine.support.hierarchical.ThrowableCollector.execute(ThrowableCollector.java:73)\n\tat org.junit.platform.engine.support.hierarchical.NodeTestTask.executeRecursively(NodeTestTask.java:138)\n\tat org.junit.platform.engine.support.hierarchical.NodeTestTask.execute(NodeTestTask.java:95)\n\tat java.base/java.util.ArrayList.forEach(ArrayList.java:1511)\n\tat org.junit.platform.engine.support.hierarchical.SameThreadHierarchicalTestExecutorService.invokeAll(SameThreadHierarchicalTestExecutorService.java:41)\n\tat org.junit.platform.engine.support.hierarchical.NodeTestTask.lambda$executeRecursively$6(NodeTestTask.java:155)\n\tat org.junit.platform.engine.support.hierarchical.ThrowableCollector.execute(ThrowableCollector.java:73)\n\tat org.junit.platform.engine.support.hierarchical.NodeTestTask.lambda$executeRecursively$8(NodeTestTask.java:141)\n\tat org.junit.platform.engine.support.hierarchical.Node.around(Node.java:137)\n\tat org.junit.platform.engine.support.hierarchical.NodeTestTask.lambda$executeRecursively$9(NodeTestTask.java:139)\n\tat org.junit.platform.engine.support.hierarchical.ThrowableCollector.execute(ThrowableCollector.java:73)\n\tat org.junit.platform.engine.support.hierarchical.NodeTestTask.executeRecursively(NodeTestTask.java:138)\n\tat org.junit.platform.engine.support.hierarchical.NodeTestTask.execute(NodeTestTask.java:95)\n\tat java.base/java.util.ArrayList.forEach(ArrayList.java:1511)\n\tat org.junit.platform.engine.support.hierarchical.SameThreadHierarchicalTestExecutorService.invokeAll(SameThreadHierarchicalTestExecutorService.java:41)\n\tat org.junit.platform.engine.support.hierarchical.NodeTestTask.lambda$executeRecursively$6(NodeTestTask.java:155)\n\tat org.junit.platform.engine.support.hierarchical.ThrowableCollector.execute(ThrowableCollector.java:73)\n\tat org.junit.platform.engine.support.hierarchical.NodeTestTask.lambda$executeRecursively$8(NodeTestTask.java:141)\n\tat org.junit.platform.engine.support.hierarchical.Node.around(Node.java:137)\n\tat org.junit.platform.engine.support.hierarchical.NodeTestTask.lambda$executeRecursively$9(NodeTestTask.java:139)\n\tat org.junit.platform.engine.support.hierarchical.ThrowableCollector.execute(ThrowableCollector.java:73)\n\tat org.junit.platform.engine.support.hierarchical.NodeTestTask.executeRecursively(NodeTestTask.java:138)\n\tat org.junit.platform.engine.support.hierarchical.NodeTestTask.execute(NodeTestTask.java:95)\n\tat org.junit.platform.engine.support.hierarchical.SameThreadHierarchicalTestExecutorService.submit(SameThreadHierarchicalTestExecutorService.java:35)\n\tat org.junit.platform.engine.support.hierarchical.HierarchicalTestExecutor.execute(HierarchicalTestExecutor.java:57)\n\tat org.junit.platform.engine.support.hierarchical.HierarchicalTestEngine.execute(HierarchicalTestEngine.java:54)\n\tat org.junit.platform.launcher.core.EngineExecutionOrchestrator.execute(EngineExecutionOrchestrator.java:198)\n\tat org.junit.platform.launcher.core.EngineExecutionOrchestrator.execute(EngineExecutionOrchestrator.java:169)\n\tat org.junit.platform.launcher.core.EngineExecutionOrchestrator.execute(EngineExecutionOrchestrator.java:93)\n\tat org.junit.platform.launcher.core.EngineExecutionOrchestrator.lambda$execute$0(EngineExecutionOrchestrator.java:58)\n\tat org.junit.platform.launcher.core.EngineExecutionOrchestrator.withInterceptedStreams(EngineExecutionOrchestrator.java:141)\n\tat org.junit.platform.launcher.core.EngineExecutionOrchestrator.execute(EngineExecutionOrchestrator.java:57)\n\tat org.junit.platform.launcher.core.DefaultLauncher.execute(DefaultLauncher.java:103)\n\tat org.junit.platform.launcher.core.DefaultLauncher.execute(DefaultLauncher.java:85)\n\tat org.junit.platform.launcher.core.DelegatingLauncher.execute(DelegatingLauncher.java:47)\n\tat org.apache.maven.surefire.junitplatform.LazyLauncher.execute(LazyLauncher.java:56)\n\tat org.apache.maven.surefire.junitplatform.JUnitPlatformProvider.execute(JUnitPlatformProvider.java:184)\n\tat org.apache.maven.surefire.junitplatform.JUnitPlatformProvider.invokeAllTests(JUnitPlatformProvider.java:148)\n\tat org.apache.maven.surefire.junitplatform.JUnitPlatformProvider.invoke(JUnitPlatformProvider.java:122)\n\tat org.apache.maven.surefire.booter.ForkedBooter.runSuitesInProcess(ForkedBooter.java:385)\n\tat org.apache.maven.surefire.booter.ForkedBooter.execute(ForkedBooter.java:162)\n\tat org.apache.maven.surefire.booter.ForkedBooter.run(ForkedBooter.java:507)\n\tat org.apache.maven.surefire.booter.ForkedBooter.main(ForkedBooter.java:495)\n","steps":[],"attachments":[],"parameters":[],"shouldDisplayMessage":true,"stepsCount":0,"attachmentsCount":0,"hasContent":true,"attachmentStep":false}],"attachments":[],"parameters":[],"shouldDisplayMessage":false,"stepsCount":2,"attachmentsCount":0,"hasContent":true,"attachmentStep":false},"afterStages":[{"name":"endJob","time":{"start":1745342612047,"stop":1745342612170,"duration":123},"status":"passed","steps":[],"attachments":[],"parameters":[],"shouldDisplayMessage":false,"stepsCount":0,"attachmentsCount":0,"hasContent":false,"attachmentStep":false}],"labels":[{"name":"junit.platform.uniqueid","value":"[engine:junit-jupiter]/[class:com.example.test.SearchingStringTest]/[method:searchWeatherInCity()]"},{"name":"host","value":"fv-az1075-294"},{"name":"thread","value":"2615@fv-az1075-294.main(1)"},{"name":"framework","value":"junit-platform"},{"name":"language","value":"java"},{"name":"package","value":"com.example.test.SearchingStringTest"},{"name":"testClass","value":"com.example.test.SearchingStringTest"},{"name":"testMethod","value":"searchWeatherInCity"},{"name":"suite","value":"Строка поиска"},{"name":"resultFormat","value":"allure2"}],"parameters":[],"links":[],"hidden":false,"retry":false,"extra":{"severity":"normal","retries":[],"categories":[{"name":"Product defects","matchedStatuses":[],"flaky":false}],"history":{"statistic":{"failed":2,"broken":0,"skipped":0,"passed":1,"unknown":0,"total":3},"items":[{"uid":"464d17196f9ef7e3","reportUrl":"https://Churina-Margaery.github.io/weather/43//#testresult/464d17196f9ef7e3","status":"failed","statusDetails":"No requests exactly matched. Most similar request was:  expected:<\nGET\n[path] /forecast\n\ncity_name: Москва\n> but was:<\nGET\n/forecast/?city_name=%D0%9C%D0%BE%D1%81%D0%BA%D0%B2%D0%B0\n\ncity_name: Москва\n>","time":{"start":1745341992229,"stop":1745342001453,"duration":9224}},{"uid":"e13083c675014f2a","reportUrl":"https://Churina-Margaery.github.io/weather/42//#testresult/e13083c675014f2a","status":"passed","time":{"start":1745341958793,"stop":1745341968777,"duration":9984}}]},"tags":[]},"source":"3fde3ac1ee6c9ed9.json","parameterValues":[]}